c:\users\vlol\source\repos\dutb\dutb\debug\dutb.pch
c:\users\vlol\source\repos\dutb\dutb\debug\vc141.pdb
c:\users\vlol\source\repos\dutb\dutb\debug\vc141.idb
c:\users\vlol\source\repos\dutb\dutb\debug\stdafx.obj
c:\users\vlol\source\repos\dutb\dutb\debug\dpb_test.obj
c:\users\vlol\source\repos\dutb\dutb\debug\dub_test.obj
c:\users\vlol\source\repos\dutb\dutb\debug\dutb.obj
c:\users\vlol\source\repos\dutb\dutb\debug\game.obj
c:\users\vlol\source\repos\dutb\dutb\debug\graphics.obj
c:\users\vlol\source\repos\dutb\dutb\debug\testlevel.obj
c:\users\vlol\source\repos\dutb\dutb\debug\pntbuttons_test.obj
c:\users\vlol\source\repos\dutb\dutb\debug\gm_game.obj
c:\users\vlol\source\repos\dutb\debug\dutb.exe
c:\users\vlol\source\repos\dutb\debug\dutb.ilk
c:\users\vlol\source\repos\dutb\debug\dutb.pdb
c:\users\vlol\source\repos\dutb\dutb\debug\generaltest.obj
c:\users\vlol\source\repos\dutb\dutb\debug\renthing.obj
c:\users\vlol\source\repos\dutb\dutb\debug\dutb.obj.enc
c:\users\vlol\source\repos\dutb\dutb\debug\game.obj.enc
c:\users\vlol\source\repos\dutb\dutb\debug\graphics.obj.enc
c:\users\vlol\source\repos\dutb\dutb\debug\testlevel.obj.enc
c:\users\vlol\source\repos\dutb\dutb\debug\vc140.idb
c:\users\vlol\source\repos\dutb\dutb\debug\vc140.pdb
c:\users\vlol\source\repos\dutb\dutb\debug\dutb.tlog\cl.command.1.tlog
c:\users\vlol\source\repos\dutb\dutb\debug\dutb.tlog\cl.read.1.tlog
c:\users\vlol\source\repos\dutb\dutb\debug\dutb.tlog\cl.write.1.tlog
c:\users\vlol\source\repos\dutb\dutb\debug\dutb.tlog\link.command.1.tlog
c:\users\vlol\source\repos\dutb\dutb\debug\dutb.tlog\link.delete.1.tlog
c:\users\vlol\source\repos\dutb\dutb\debug\dutb.tlog\link.read.1.tlog
c:\users\vlol\source\repos\dutb\dutb\debug\dutb.tlog\link.write.1.tlog
