  Graphics.cpp
c:\users\vlol\source\repos\dutb\dutb\renthing.h(24): warning C4244: 'argument': conversion from 'double' to 'int', possible loss of data
c:\users\vlol\source\repos\dutb\dutb\renthing_easycanvas.h(19): warning C4244: '=': conversion from 'double' to 'int', possible loss of data
c:\users\vlol\source\repos\dutb\dutb\renthing_easycanvas.h(21): warning C4244: '=': conversion from 'double' to 'int', possible loss of data
c:\users\vlol\source\repos\dutb\dutb\renthing_easycanvas.h(57): warning C4244: '=': conversion from 'float' to 'int', possible loss of data
c:\users\vlol\source\repos\dutb\dutb\renthing_easycanvas.h(64): warning C4244: '=': conversion from 'float' to 'int', possible loss of data
c:\users\vlol\source\repos\dutb\dutb\renthing_easycanvas.h(72): warning C4244: 'argument': conversion from 'double' to 'int', possible loss of data
c:\users\vlol\source\repos\dutb\dutb\renthing_easycanvas.h(74): warning C4244: 'argument': conversion from 'double' to 'int', possible loss of data
c:\users\vlol\source\repos\dutb\dutb\renthing_button.h(92): warning C4244: '=': conversion from 'float' to 'int', possible loss of data
c:\users\vlol\source\repos\dutb\dutb\renthing_button.h(94): warning C4244: '=': conversion from 'float' to 'int', possible loss of data
c:\users\vlol\source\repos\dutb\dutb\renthing_canvas.h(24): warning C4018: '<': signed/unsigned mismatch
c:\users\vlol\source\repos\dutb\dutb\renthing_canvas.h(40): warning C4018: '<': signed/unsigned mismatch
c:\users\vlol\source\repos\dutb\dutb\renthing_canvas.h(47): warning C4018: '<': signed/unsigned mismatch
c:\users\vlol\source\repos\dutb\dutb\renthing_canvas.h(55): warning C4018: '<': signed/unsigned mismatch
c:\users\vlol\source\repos\dutb\dutb\graphics.cpp(38): warning C4018: '<': signed/unsigned mismatch
c:\users\vlol\source\repos\dutb\dutb\graphics.cpp(44): warning C4018: '<': signed/unsigned mismatch
c:\users\vlol\source\repos\dutb\dutb\graphics.cpp(47): warning C4018: '<': signed/unsigned mismatch
c:\users\vlol\source\repos\dutb\dutb\graphics.cpp(59): warning C4018: '<': signed/unsigned mismatch
c:\users\vlol\source\repos\dutb\dutb\graphics.cpp(70): warning C4018: '<': signed/unsigned mismatch
c:\users\vlol\source\repos\dutb\dutb\graphics.cpp(78): warning C4018: '<': signed/unsigned mismatch
c:\users\vlol\source\repos\dutb\dutb\graphics.cpp(86): warning C4018: '<': signed/unsigned mismatch
c:\users\vlol\source\repos\dutb\dutb\graphics.cpp(136): warning C4018: '<': signed/unsigned mismatch
c:\users\vlol\source\repos\dutb\dutb\graphics.cpp(143): warning C4018: '<': signed/unsigned mismatch
c:\users\vlol\source\repos\dutb\dutb\graphics.cpp(153): warning C4018: '<': signed/unsigned mismatch
c:\users\vlol\source\repos\dutb\dutb\graphics.cpp(154): warning C4018: '<': signed/unsigned mismatch
c:\users\vlol\source\repos\dutb\dutb\graphics.cpp(166): warning C4018: '<': signed/unsigned mismatch
c:\users\vlol\source\repos\dutb\dutb\graphics.cpp(176): warning C4018: '<': signed/unsigned mismatch
  DUTB.vcxproj -> C:\Users\vlol\source\repos\DUTB\Debug\DUTB.exe
  DUTB.vcxproj -> C:\Users\vlol\source\repos\DUTB\Debug\DUTB.pdb (Partial PDB)
